<?xml version="1.0" encoding="UTF-8"?>
<testsuite xmlns:xsi="http://www.w3.org/2001/XMLSchema-instance" xsi:noNamespaceSchemaLocation="https://maven.apache.org/surefire/maven-surefire-plugin/xsd/surefire-test-report-3.0.xsd" version="3.0" name="edu.bupt.tarecruitment.persistence.json.JsonStudentRepositoryTest" time="0.343" tests="6" errors="0" skipped="0" failures="0">
  <properties>
[...]
</properties>
  <testcase name="insertWritesStudentToStudentsJson" classname="edu.bupt.tarecruitment.persistence.json.JsonStudentRepositoryTest" time="0.274"/>
  <testcase name="insertThrowsWhenStudentIdAlreadyExists" classname="edu.bupt.tarecruitment.persistence.json.JsonStudentRepositoryTest" time="0.011"/>
  <testcase name="deleteByIdReturnsTrueThenFalseForSameStudentId" classname="edu.bupt.tarecruitment.persistence.json.JsonStudentRepositoryTest" time="0.007"/>
  <testcase name="findAllReturnsEmptyListWhenStudentsFileIsEmptyArray" classname="edu.bupt.tarecruitment.persistence.json.JsonStudentRepositoryTest" time="0.004"/>
  <testcase name="readThrowsJsonFormatExceptionWhenStudentsJsonIsMalformed" classname="edu.bupt.tarecruitment.persistence.json.JsonStudentRepositoryTest" time="0.007"/>
  <testcase name="updateReplacesExistingStudentInStudentsJson" classname="edu.bupt.tarecruitment.persistence.json.JsonStudentRepositoryTest" time="0.009"/>
</testsuite>